<?xml version="1.0" encoding="UTF-8"?>
<!-- Generated by org.testng.reporters.JUnitReportReporter -->
<testsuite hostname="Nikhil" failures="0" tests="2" name="qaclickacademy.Mavenjava.AppiumTest" time="0.034" errors="0" timestamp="2022-03-04T13:41:17 IST" skipped="0">
  <testcase classname="qaclickacademy.Mavenjava.AppiumTest" name="nativeAppAndroid" time="0.016"/>
  <system-out/>
  <testcase classname="qaclickacademy.Mavenjava.AppiumTest" name="iosApp" time="0.018"/>
  <system-out/>
</testsuite> <!-- qaclickacademy.Mavenjava.AppiumTest -->
