<?xml version="1.0" encoding="UTF-8"?>
<!-- Generated by org.testng.reporters.JUnitReportReporter -->
<testsuite hostname="Nikhil" failures="0" tests="2" name="qaclickacademy.Mavenjava.APITest" time="0.034" errors="0" timestamp="2022-03-04T13:40:21 IST" skipped="0">
  <testcase classname="qaclickacademy.Mavenjava.APITest" name="postjira" time="0.017"/>
  <system-out/>
  <testcase classname="qaclickacademy.Mavenjava.APITest" name="deleteTwitter" time="0.017"/>
  <system-out/>
</testsuite> <!-- qaclickacademy.Mavenjava.APITest -->
